app/build/intermediates/manifest_merge_blame_file/debug/manifest-merger-blame-debug-report.txt
1<?xml version="1.0" encoding="utf-8"?>
2<!--
3  ~ Copyright (c) 2017. http://hiteshsahu.com- All Rights Reserved
4  ~ Unauthorized copying of this file, via any medium is strictly prohibited
5  ~ If you use or distribute this project then you MUST ADD A COPY OF LICENCE
6  ~ along with the project.
7  ~  Written by Hitesh Sahu <hiteshkrsahu@Gmail.com>, 2017.
8-->
9<manifest xmlns:android="http://schemas.android.com/apk/res/android"
10    package="com.hitesh_sahu.retailshop" >
11
12    <uses-sdk
12-->src\main\AndroidManifest.xml:13:5-15:41
13        android:minSdkVersion="14"
13-->src\main\AndroidManifest.xml:14:9-35
14        android:targetSdkVersion="30" />
14-->src\main\AndroidManifest.xml:15:9-38
15
16    <uses-permission android:name="android.permission.INTERNET" />
16-->src\main\AndroidManifest.xml:17:5-67
16-->src\main\AndroidManifest.xml:17:22-64
17    <uses-permission android:name="android.permission.ACCESS_NETWORK_STATE" />
17-->src\main\AndroidManifest.xml:18:5-79
17-->src\main\AndroidManifest.xml:18:22-76
18    <uses-permission android:name="android.permission.VIBRATE" />
18-->src\main\AndroidManifest.xml:19:5-66
18-->src\main\AndroidManifest.xml:19:22-63
19    <uses-permission android:name="android.permission.READ_EXTERNAL_STORAGE" />
19-->src\main\AndroidManifest.xml:20:5-80
19-->src\main\AndroidManifest.xml:20:22-77
20    <uses-permission android:name="android.permission.WRITE_EXTERNAL_STORAGE" />
20-->src\main\AndroidManifest.xml:21:5-81
20-->src\main\AndroidManifest.xml:21:22-78
21
22    <application
22-->src\main\AndroidManifest.xml:23:5-52:19
23        android:name="com.hitesh_sahu.retailapp.AppController"
23-->src\main\AndroidManifest.xml:24:9-38
24        android:allowBackup="true"
24-->src\main\AndroidManifest.xml:25:9-35
25        android:appComponentFactory="androidx.core.app.CoreComponentFactory"
25-->[androidx.core:core:1.3.2] AndroidManifest.xml:24:18-86
26        android:debuggable="true"
27        android:icon="@drawable/app_icon"
27-->src\main\AndroidManifest.xml:26:9-42
28        android:label="@string/app_name"
28-->src\main\AndroidManifest.xml:27:9-41
29        android:testOnly="true"
30        android:theme="@style/MyTheme" >
30-->src\main\AndroidManifest.xml:28:9-39
31
32        <!-- Single Activity Model -->
33        <activity
33-->src\main\AndroidManifest.xml:31:9-34:61
34            android:name="com.hitesh_sahu.retailapp.view.activities.ECartHomeActivity"
34-->src\main\AndroidManifest.xml:32:13-62
35            android:label="@string/app_name"
35-->src\main\AndroidManifest.xml:33:13-45
36            android:screenOrientation="portrait" />
36-->src\main\AndroidManifest.xml:34:13-49
37        <activity
37-->src\main\AndroidManifest.xml:36:9-39:61
38            android:name="com.hitesh_sahu.retailapp.view.activities.APrioriResultActivity"
38-->src\main\AndroidManifest.xml:37:13-66
39            android:label="@string/app_name"
39-->src\main\AndroidManifest.xml:38:13-45
40            android:screenOrientation="portrait" />
40-->src\main\AndroidManifest.xml:39:13-49
41
42        <!-- Splash Activity -->
43        <activity
43-->src\main\AndroidManifest.xml:42:9-51:20
44            android:name="com.hitesh_sahu.retailapp.view.activities.SplashActivity"
44-->src\main\AndroidManifest.xml:43:13-59
45            android:noHistory="true"
45-->src\main\AndroidManifest.xml:44:13-37
46            android:theme="@android:style/Theme.NoTitleBar" >
46-->src\main\AndroidManifest.xml:45:13-60
47            <intent-filter>
47-->src\main\AndroidManifest.xml:46:13-50:29
48                <action android:name="android.intent.action.MAIN" />
48-->src\main\AndroidManifest.xml:47:17-69
48-->src\main\AndroidManifest.xml:47:25-66
49
50                <category android:name="android.intent.category.LAUNCHER" />
50-->src\main\AndroidManifest.xml:49:17-77
50-->src\main\AndroidManifest.xml:49:27-74
51            </intent-filter>
52        </activity>
53        <activity
53-->[ch.acra:acra:4.8.5] AndroidManifest.xml:40:9-217
54            android:name="org.acra.dialog.CrashReportDialog"
54-->[ch.acra:acra:4.8.5] AndroidManifest.xml:40:123-171
55            android:excludeFromRecents="true"
55-->[ch.acra:acra:4.8.5] AndroidManifest.xml:40:19-52
56            android:finishOnTaskLaunch="true"
56-->[ch.acra:acra:4.8.5] AndroidManifest.xml:40:53-86
57            android:launchMode="singleInstance"
57-->[ch.acra:acra:4.8.5] AndroidManifest.xml:40:87-122
58            android:theme="@android:style/Theme.Dialog" />
58-->[ch.acra:acra:4.8.5] AndroidManifest.xml:40:172-215
59
60        <service
60-->[ch.acra:acra:4.8.5] AndroidManifest.xml:42:9-113
61            android:name="org.acra.sender.SenderService"
61-->[ch.acra:acra:4.8.5] AndroidManifest.xml:42:43-87
62            android:exported="false"
62-->[ch.acra:acra:4.8.5] AndroidManifest.xml:42:18-42
63            android:process=":acra" />
63-->[ch.acra:acra:4.8.5] AndroidManifest.xml:42:88-111
64    </application>
65
66</manifest>